<?xml version='1.0' encoding='UTF-8'?>
<buildlog>
  <outpath>.</outpath>
  <operation>
    <module>lbuild</module>
    <source>buildlog.xml.in</source>
    <destination>project.xml.log</destination>
  </operation>
  <operation>
    <module>taproot:board</module>
    <source>..\..\taproot\src\tap\board\board.cpp</source>
    <destination>taproot\src\tap\board\board.cpp</destination>
    <time>8.001 ms</time>
  </operation>
  <operation>
    <module>taproot:board</module>
    <source>..\..\taproot\src\tap\board\rm-dev-board-c\board.hpp.in</source>
    <destination>taproot\src\tap\board\board.hpp</destination>
    <time>8.082 ms</time>
  </operation>
  <operation>
    <module>taproot:build</module>
    <source>..\..\taproot\build_tools\SConstruct.in</source>
    <destination>SConstruct</destination>
    <time>8.014 ms</time>
  </operation>
  <operation>
    <module>taproot:build</module>
    <source>..\..\taproot\build_tools\openocd.cfg</source>
    <destination>openocd.cfg</destination>
    <time>7.991 ms</time>
  </operation>
  <operation>
    <module>taproot:build</module>
    <source>..\..\taproot\build_tools\parse_args.py</source>
    <destination>taproot\build_tools\parse_args.py</destination>
    <time>7.999 ms</time>
  </operation>
  <operation>
    <module>taproot:build</module>
    <source>..\..\taproot\build_tools\run_gcov.py</source>
    <destination>taproot\build_tools\run_gcov.py</destination>
    <time>8.001 ms</time>
  </operation>
  <operation>
    <module>taproot:communication:can</module>
    <source>..\..\taproot\src\tap\communication\can\can.cpp</source>
    <destination>taproot\src\tap\communication\can\can.cpp</destination>
    <time>10.000 ms</time>
  </operation>
  <operation>
    <module>taproot:communication:can</module>
    <source>..\..\taproot\src\tap\communication\can\can.hpp</source>
    <destination>taproot\src\tap\communication\can\can.hpp</destination>
    <time>5.220 ms</time>
  </operation>
  <operation>
    <module>taproot:communication:can</module>
    <source>..\..\taproot\src\tap\communication\can\can_bus.hpp</source>
    <destination>taproot\src\tap\communication\can\can_bus.hpp</destination>
    <time>8.008 ms</time>
  </operation>
  <operation>
    <module>taproot:communication:can</module>
    <source>..\..\taproot\src\tap\communication\can\can_rx_handler.cpp</source>
    <destination>taproot\src\tap\communication\can\can_rx_handler.cpp</destination>
    <time>7.992 ms</time>
  </operation>
  <operation>
    <module>taproot:communication:can</module>
    <source>..\..\taproot\src\tap\communication\can\can_rx_handler.hpp</source>
    <destination>taproot\src\tap\communication\can\can_rx_handler.hpp</destination>
    <time>8.011 ms</time>
  </operation>
  <operation>
    <module>taproot:communication:can</module>
    <source>..\..\taproot\src\tap\communication\can\can_rx_listener.cpp</source>
    <destination>taproot\src\tap\communication\can\can_rx_listener.cpp</destination>
    <time>9.264 ms</time>
  </operation>
  <operation>
    <module>taproot:communication:can</module>
    <source>..\..\taproot\src\tap\communication\can\can_rx_listener.hpp</source>
    <destination>taproot\src\tap\communication\can\can_rx_listener.hpp</destination>
    <time>9.996 ms</time>
  </operation>
  <operation>
    <module>taproot:communication:gpio:analog</module>
    <source>..\..\taproot\src\tap\communication\gpio\analog.cpp.in</source>
    <destination>taproot\src\tap\communication\gpio\analog.cpp</destination>
    <time>10.027 ms</time>
  </operation>
  <operation>
    <module>taproot:communication:gpio:analog</module>
    <source>..\..\taproot\src\tap\communication\gpio\analog.hpp.in</source>
    <destination>taproot\src\tap\communication\gpio\analog.hpp</destination>
    <time>0.000 ms</time>
  </operation>
  <operation>
    <module>taproot:communication:gpio:digital</module>
    <source>..\..\taproot\src\tap\communication\gpio\digital.cpp.in</source>
    <destination>taproot\src\tap\communication\gpio\digital.cpp</destination>
    <time>10.009 ms</time>
  </operation>
  <operation>
    <module>taproot:communication:gpio:digital</module>
    <source>..\..\taproot\src\tap\communication\gpio\digital.hpp.in</source>
    <destination>taproot\src\tap\communication\gpio\digital.hpp</destination>
    <time>0.000 ms</time>
  </operation>
  <operation>
    <module>taproot:communication:gpio:leds</module>
    <source>..\..\taproot\src\tap\communication\gpio\leds.cpp.in</source>
    <destination>taproot\src\tap\communication\gpio\leds.cpp</destination>
    <time>9.971 ms</time>
  </operation>
  <operation>
    <module>taproot:communication:gpio:leds</module>
    <source>..\..\taproot\src\tap\communication\gpio\leds.hpp.in</source>
    <destination>taproot\src\tap\communication\gpio\leds.hpp</destination>
    <time>10.020 ms</time>
  </operation>
  <operation>
    <module>taproot:communication:gpio:pwm</module>
    <source>..\..\taproot\src\tap\communication\gpio\pwm.cpp.in</source>
    <destination>taproot\src\tap\communication\gpio\pwm.cpp</destination>
    <time>11.380 ms</time>
  </operation>
  <operation>
    <module>taproot:communication:gpio:pwm</module>
    <source>..\..\taproot\src\tap\communication\gpio\pwm.hpp.in</source>
    <destination>taproot\src\tap\communication\gpio\pwm.hpp</destination>
    <time>7.993 ms</time>
  </operation>
  <operation>
    <module>taproot:communication:sensors</module>
    <source>..\..\taproot\src\tap\communication\sensors\sensor_interface.hpp</source>
    <destination>taproot\src\tap\communication\sensors\sensor_interface.hpp</destination>
    <time>8.002 ms</time>
  </operation>
  <operation>
    <module>taproot:communication:sensors:buzzer</module>
    <source>..\..\taproot\src\tap\communication\sensors\buzzer\buzzer.cpp.in</source>
    <destination>taproot\src\tap\communication\sensors\buzzer\buzzer.cpp</destination>
    <time>10.026 ms</time>
  </operation>
  <operation>
    <module>taproot:communication:sensors:buzzer</module>
    <source>..\..\taproot\src\tap\communication\sensors\buzzer\buzzer.hpp</source>
    <destination>taproot\src\tap\communication\sensors\buzzer\buzzer.hpp</destination>
    <time>9.984 ms</time>
  </operation>
  <operation>
    <module>taproot:communication:sensors:current</module>
    <source>..\..\taproot\src\tap\communication\sensors\current\analog_current_sensor.cpp</source>
    <destination>taproot\src\tap\communication\sensors\current\analog_current_sensor.cpp</destination>
    <time>10.001 ms</time>
  </operation>
  <operation>
    <module>taproot:communication:sensors:current</module>
    <source>..\..\taproot\src\tap\communication\sensors\current\analog_current_sensor.hpp</source>
    <destination>taproot\src\tap\communication\sensors\current\analog_current_sensor.hpp</destination>
    <time>10.001 ms</time>
  </operation>
  <operation>
    <module>taproot:communication:sensors:current</module>
    <source>..\..\taproot\src\tap\communication\sensors\current\current_sensor_interface.hpp</source>
    <destination>taproot\src\tap\communication\sensors\current\current_sensor_interface.hpp</destination>
    <time>9.998 ms</time>
  </operation>
  <operation>
    <module>taproot:communication:serial</module>
    <source>..\..\taproot\src\tap\communication\serial\dji_serial.cpp.in</source>
    <destination>taproot\src\tap\communication\serial\dji_serial.cpp</destination>
    <time>8.002 ms</time>
  </operation>
  <operation>
    <module>taproot:communication:serial</module>
    <source>..\..\taproot\src\tap\communication\serial\dji_serial.hpp</source>
    <destination>taproot\src\tap\communication\serial\dji_serial.hpp</destination>
    <time>8.000 ms</time>
  </operation>
  <operation>
    <module>taproot:communication:serial</module>
    <source>..\..\taproot\src\tap\communication\serial\uart.cpp.in</source>
    <destination>taproot\src\tap\communication\serial\uart.cpp</destination>
    <time>10.021 ms</time>
  </operation>
  <operation>
    <module>taproot:communication:serial</module>
    <source>..\..\taproot\src\tap\communication\serial\uart.hpp.in</source>
    <destination>taproot\src\tap\communication\serial\uart.hpp</destination>
    <time>13.523 ms</time>
  </operation>
  <operation>
    <module>taproot:communication:serial:ref_serial</module>
    <source>..\..\taproot\src\tap\communication\serial\ref_serial.cpp</source>
    <destination>taproot\src\tap\communication\serial\ref_serial.cpp</destination>
    <time>16.019 ms</time>
  </operation>
  <operation>
    <module>taproot:communication:serial:ref_serial</module>
    <source>..\..\taproot\src\tap\communication\serial\ref_serial.hpp</source>
    <destination>taproot\src\tap\communication\serial\ref_serial.hpp</destination>
    <time>7.980 ms</time>
  </operation>
  <operation>
    <module>taproot:communication:serial:ref_serial</module>
    <source>..\..\taproot\src\tap\communication\serial\ref_serial_constants.hpp.in</source>
    <destination>taproot\src\tap\communication\serial\ref_serial_constants.hpp</destination>
    <time>0.000 ms</time>
  </operation>
  <operation>
    <module>taproot:communication:serial:ref_serial</module>
    <source>..\..\taproot\src\tap\communication\serial\ref_serial_data.hpp</source>
    <destination>taproot\src\tap\communication\serial\ref_serial_data.hpp</destination>
    <time>9.299 ms</time>
  </operation>
  <operation>
    <module>taproot:communication:serial:remote</module>
    <source>..\..\taproot\src\tap\communication\serial\remote.cpp</source>
    <destination>taproot\src\tap\communication\serial\remote.cpp</destination>
    <time>10.000 ms</time>
  </operation>
  <operation>
    <module>taproot:communication:serial:remote</module>
    <source>..\..\taproot\src\tap\communication\serial\remote.hpp</source>
    <destination>taproot\src\tap\communication\serial\remote.hpp</destination>
    <time>10.001 ms</time>
  </operation>
  <operation>
    <module>taproot:communication:serial:remote</module>
    <source>..\..\taproot\src\tap\communication\serial\remote_serial_constants.hpp.in</source>
    <destination>taproot\src\tap\communication\serial\remote_serial_constants.hpp</destination>
    <time>0.000 ms</time>
  </operation>
  <operation>
    <module>taproot:communication:serial:terminal_serial</module>
    <source>..\..\taproot\src\tap\communication\serial\hosted_terminal_device.cpp</source>
    <destination>taproot\src\tap\communication\serial\hosted_terminal_device.cpp</destination>
    <time>12.654 ms</time>
  </operation>
  <operation>
    <module>taproot:communication:serial:terminal_serial</module>
    <source>..\..\taproot\src\tap\communication\serial\hosted_terminal_device.hpp</source>
    <destination>taproot\src\tap\communication\serial\hosted_terminal_device.hpp</destination>
    <time>9.999 ms</time>
  </operation>
  <operation>
    <module>taproot:communication:serial:terminal_serial</module>
    <source>..\..\taproot\src\tap\communication\serial\terminal_serial.cpp</source>
    <destination>taproot\src\tap\communication\serial\terminal_serial.cpp</destination>
    <time>10.000 ms</time>
  </operation>
  <operation>
    <module>taproot:communication:serial:terminal_serial</module>
    <source>..\..\taproot\src\tap\communication\serial\terminal_serial.hpp</source>
    <destination>taproot\src\tap\communication\serial\terminal_serial.hpp</destination>
    <time>6.728 ms</time>
  </operation>
  <operation>
    <module>taproot:communication:serial:terminal_serial</module>
    <source>..\..\taproot\src\tap\communication\serial\uart_terminal_device.cpp</source>
    <destination>taproot\src\tap\communication\serial\uart_terminal_device.cpp</destination>
    <time>10.005 ms</time>
  </operation>
  <operation>
    <module>taproot:communication:serial:terminal_serial</module>
    <source>..\..\taproot\src\tap\communication\serial\uart_terminal_device.hpp</source>
    <destination>taproot\src\tap\communication\serial\uart_terminal_device.hpp</destination>
    <time>18.526 ms</time>
  </operation>
  <operation>
    <module>taproot:communication:serial:terminal_serial</module>
    <source>..\..\taproot\src\tap\communication\serial\uart_terminal_device_constants.hpp.in</source>
    <destination>taproot\src\tap\communication\serial\uart_terminal_device_constants.hpp</destination>
    <time>0.000 ms</time>
  </operation>
  <operation>
    <module>taproot:communication:tcp-server</module>
    <source>..\..\taproot\src\tap\communication\tcp-server\json_messages.cpp</source>
    <destination>taproot\src\tap\communication\tcp-server\json_messages.cpp</destination>
    <time>1.205 ms</time>
  </operation>
  <operation>
    <module>taproot:communication:tcp-server</module>
    <source>..\..\taproot\src\tap\communication\tcp-server\json_messages.hpp</source>
    <destination>taproot\src\tap\communication\tcp-server\json_messages.hpp</destination>
    <time>10.001 ms</time>
  </operation>
  <operation>
    <module>taproot:communication:tcp-server</module>
    <source>..\..\taproot\src\tap\communication\tcp-server\tcp_server.cpp</source>
    <destination>taproot\src\tap\communication\tcp-server\tcp_server.cpp</destination>
    <time>6.666 ms</time>
  </operation>
  <operation>
    <module>taproot:communication:tcp-server</module>
    <source>..\..\taproot\src\tap\communication\tcp-server\tcp_server.hpp</source>
    <destination>taproot\src\tap\communication\tcp-server\tcp_server.hpp</destination>
    <time>13.124 ms</time>
  </operation>
  <operation>
    <module>taproot:core</module>
    <source>..\..\taproot\src\drivers.hpp.in</source>
    <destination>taproot\src\tap\drivers.hpp</destination>
    <time>8.002 ms</time>
  </operation>
  <operation>
    <module>taproot:core</module>
    <source>..\..\taproot\src\tap\SConscript</source>
    <destination>taproot\src\tap\SConscript</destination>
    <time>9.999 ms</time>
  </operation>
  <operation>
    <module>taproot:core</module>
    <source>..\..\taproot\src\tap\algorithms\MahonyAHRS.cpp</source>
    <destination>taproot\src\tap\algorithms\MahonyAHRS.cpp</destination>
    <time>8.012 ms</time>
  </operation>
  <operation>
    <module>taproot:core</module>
    <source>..\..\taproot\src\tap\algorithms\MahonyAHRS.h</source>
    <destination>taproot\src\tap\algorithms\MahonyAHRS.h</destination>
    <time>1.249 ms</time>
  </operation>
  <operation>
    <module>taproot:core</module>
    <source>..\..\taproot\src\tap\algorithms\contiguous_float.cpp</source>
    <destination>taproot\src\tap\algorithms\contiguous_float.cpp</destination>
    <time>0.000 ms</time>
  </operation>
  <operation>
    <module>taproot:core</module>
    <source>..\..\taproot\src\tap\algorithms\contiguous_float.hpp</source>
    <destination>taproot\src\tap\algorithms\contiguous_float.hpp</destination>
    <time>13.919 ms</time>
  </operation>
  <operation>
    <module>taproot:core</module>
    <source>..\..\taproot\src\tap\algorithms\crc.cpp</source>
    <destination>taproot\src\tap\algorithms\crc.cpp</destination>
    <time>7.524 ms</time>
  </operation>
  <operation>
    <module>taproot:core</module>
    <source>..\..\taproot\src\tap\algorithms\crc.hpp</source>
    <destination>taproot\src\tap\algorithms\crc.hpp</destination>
    <time>8.012 ms</time>
  </operation>
  <operation>
    <module>taproot:core</module>
    <source>..\..\taproot\src\tap\algorithms\extended_kalman.cpp</source>
    <destination>taproot\src\tap\algorithms\extended_kalman.cpp</destination>
    <time>8.003 ms</time>
  </operation>
  <operation>
    <module>taproot:core</module>
    <source>..\..\taproot\src\tap\algorithms\extended_kalman.hpp</source>
    <destination>taproot\src\tap\algorithms\extended_kalman.hpp</destination>
    <time>8.766 ms</time>
  </operation>
  <operation>
    <module>taproot:core</module>
    <source>..\..\taproot\src\tap\algorithms\linear_interpolation_predictor.cpp</source>
    <destination>taproot\src\tap\algorithms\linear_interpolation_predictor.cpp</destination>
    <time>10.015 ms</time>
  </operation>
  <operation>
    <module>taproot:core</module>
    <source>..\..\taproot\src\tap\algorithms\linear_interpolation_predictor.hpp</source>
    <destination>taproot\src\tap\algorithms\linear_interpolation_predictor.hpp</destination>
    <time>6.682 ms</time>
  </operation>
  <operation>
    <module>taproot:core</module>
    <source>..\..\taproot\src\tap\algorithms\linear_interpolation_predictor_contiguous.cpp</source>
    <destination>taproot\src\tap\algorithms\linear_interpolation_predictor_contiguous.cpp</destination>
    <time>7.998 ms</time>
  </operation>
  <operation>
    <module>taproot:core</module>
    <source>..\..\taproot\src\tap\algorithms\linear_interpolation_predictor_contiguous.hpp</source>
    <destination>taproot\src\tap\algorithms\linear_interpolation_predictor_contiguous.hpp</destination>
    <time>8.001 ms</time>
  </operation>
  <operation>
    <module>taproot:core</module>
    <source>..\..\taproot\src\tap\algorithms\math_user_utils.cpp</source>
    <destination>taproot\src\tap\algorithms\math_user_utils.cpp</destination>
    <time>9.998 ms</time>
  </operation>
  <operation>
    <module>taproot:core</module>
    <source>..\..\taproot\src\tap\algorithms\math_user_utils.hpp</source>
    <destination>taproot\src\tap\algorithms\math_user_utils.hpp</destination>
    <time>6.634 ms</time>
  </operation>
  <operation>
    <module>taproot:core</module>
    <source>..\..\taproot\src\tap\algorithms\ramp.cpp</source>
    <destination>taproot\src\tap\algorithms\ramp.cpp</destination>
    <time>8.001 ms</time>
  </operation>
  <operation>
    <module>taproot:core</module>
    <source>..\..\taproot\src\tap\algorithms\ramp.hpp</source>
    <destination>taproot\src\tap\algorithms\ramp.hpp</destination>
    <time>7.998 ms</time>
  </operation>
  <operation>
    <module>taproot:core</module>
    <source>..\..\taproot\src\tap\algorithms\smooth_pid.cpp</source>
    <destination>taproot\src\tap\algorithms\smooth_pid.cpp</destination>
    <time>8.014 ms</time>
  </operation>
  <operation>
    <module>taproot:core</module>
    <source>..\..\taproot\src\tap\algorithms\smooth_pid.hpp</source>
    <destination>taproot\src\tap\algorithms\smooth_pid.hpp</destination>
    <time>9.248 ms</time>
  </operation>
  <operation>
    <module>taproot:core</module>
    <source>..\..\taproot\src\tap\algorithms\strtok.cpp</source>
    <destination>taproot\src\tap\algorithms\strtok.cpp</destination>
    <time>0.000 ms</time>
  </operation>
  <operation>
    <module>taproot:core</module>
    <source>..\..\taproot\src\tap\algorithms\strtok.hpp</source>
    <destination>taproot\src\tap\algorithms\strtok.hpp</destination>
    <time>9.997 ms</time>
  </operation>
  <operation>
    <module>taproot:core</module>
    <source>..\..\taproot\src\tap\architecture\clock.cpp</source>
    <destination>taproot\src\tap\architecture\clock.cpp</destination>
    <time>0.000 ms</time>
  </operation>
  <operation>
    <module>taproot:core</module>
    <source>..\..\taproot\src\tap\architecture\clock.hpp</source>
    <destination>taproot\src\tap\architecture\clock.hpp</destination>
    <time>7.997 ms</time>
  </operation>
  <operation>
    <module>taproot:core</module>
    <source>..\..\taproot\src\tap\architecture\conditional_timer.hpp</source>
    <destination>taproot\src\tap\architecture\conditional_timer.hpp</destination>
    <time>8.001 ms</time>
  </operation>
  <operation>
    <module>taproot:core</module>
    <source>..\..\taproot\src\tap\architecture\endianness_wrappers.hpp</source>
    <destination>taproot\src\tap\architecture\endianness_wrappers.hpp</destination>
    <time>0.000 ms</time>
  </operation>
  <operation>
    <module>taproot:core</module>
    <source>..\..\taproot\src\tap\architecture\periodic_timer.hpp</source>
    <destination>taproot\src\tap\architecture\periodic_timer.hpp</destination>
    <time>0.000 ms</time>
  </operation>
  <operation>
    <module>taproot:core</module>
    <source>..\..\taproot\src\tap\architecture\profiler.cpp</source>
    <destination>taproot\src\tap\architecture\profiler.cpp</destination>
    <time>9.309 ms</time>
  </operation>
  <operation>
    <module>taproot:core</module>
    <source>..\..\taproot\src\tap\architecture\profiler.hpp</source>
    <destination>taproot\src\tap\architecture\profiler.hpp</destination>
    <time>9.999 ms</time>
  </operation>
  <operation>
    <module>taproot:core</module>
    <source>..\..\taproot\src\tap\architecture\timeout.hpp</source>
    <destination>taproot\src\tap\architecture\timeout.hpp</destination>
    <time>0.000 ms</time>
  </operation>
  <operation>
    <module>taproot:core</module>
    <source>..\..\taproot\src\tap\control\chassis\chassis_subsystem_interface.hpp</source>
    <destination>taproot\src\tap\control\chassis\chassis_subsystem_interface.hpp</destination>
    <time>7.999 ms</time>
  </operation>
  <operation>
    <module>taproot:core</module>
    <source>..\..\taproot\src\tap\control\chassis\power_limiter.cpp</source>
    <destination>taproot\src\tap\control\chassis\power_limiter.cpp</destination>
    <time>0.000 ms</time>
  </operation>
  <operation>
    <module>taproot:core</module>
    <source>..\..\taproot\src\tap\control\chassis\power_limiter.hpp</source>
    <destination>taproot\src\tap\control\chassis\power_limiter.hpp</destination>
    <time>8.001 ms</time>
  </operation>
  <operation>
    <module>taproot:core</module>
    <source>..\..\taproot\src\tap\control\command.cpp</source>
    <destination>taproot\src\tap\control\command.cpp</destination>
    <time>8.000 ms</time>
  </operation>
  <operation>
    <module>taproot:core</module>
    <source>..\..\taproot\src\tap\control\command.hpp</source>
    <destination>taproot\src\tap\control\command.hpp</destination>
    <time>8.003 ms</time>
  </operation>
  <operation>
    <module>taproot:core</module>
    <source>..\..\taproot\src\tap\control\command_mapper.cpp</source>
    <destination>taproot\src\tap\control\command_mapper.cpp</destination>
    <time>8.002 ms</time>
  </operation>
  <operation>
    <module>taproot:core</module>
    <source>..\..\taproot\src\tap\control\command_mapper.hpp</source>
    <destination>taproot\src\tap\control\command_mapper.hpp</destination>
    <time>8.000 ms</time>
  </operation>
  <operation>
    <module>taproot:core</module>
    <source>..\..\taproot\src\tap\control\command_mapper_format_generator.cpp</source>
    <destination>taproot\src\tap\control\command_mapper_format_generator.cpp</destination>
    <time>8.002 ms</time>
  </operation>
  <operation>
    <module>taproot:core</module>
    <source>..\..\taproot\src\tap\control\command_mapper_format_generator.hpp</source>
    <destination>taproot\src\tap\control\command_mapper_format_generator.hpp</destination>
    <time>8.001 ms</time>
  </operation>
  <operation>
    <module>taproot:core</module>
    <source>..\..\taproot\src\tap\control\command_mapping.cpp</source>
    <destination>taproot\src\tap\control\command_mapping.cpp</destination>
    <time>8.003 ms</time>
  </operation>
  <operation>
    <module>taproot:core</module>
    <source>..\..\taproot\src\tap\control\command_mapping.hpp</source>
    <destination>taproot\src\tap\control\command_mapping.hpp</destination>
    <time>0.000 ms</time>
  </operation>
  <operation>
    <module>taproot:core</module>
    <source>..\..\taproot\src\tap\control\command_scheduler.cpp</source>
    <destination>taproot\src\tap\control\command_scheduler.cpp</destination>
    <time>11.282 ms</time>
  </operation>
  <operation>
    <module>taproot:core</module>
    <source>..\..\taproot\src\tap\control\command_scheduler.hpp</source>
    <destination>taproot\src\tap\control\command_scheduler.hpp</destination>
    <time>0.000 ms</time>
  </operation>
  <operation>
    <module>taproot:core</module>
    <source>..\..\taproot\src\tap\control\command_scheduler_types.hpp</source>
    <destination>taproot\src\tap\control\command_scheduler_types.hpp</destination>
    <time>9.999 ms</time>
  </operation>
  <operation>
    <module>taproot:core</module>
    <source>..\..\taproot\src\tap\control\comprised_command.hpp</source>
    <destination>taproot\src\tap\control\comprised_command.hpp</destination>
    <time>6.625 ms</time>
  </operation>
  <operation>
    <module>taproot:core</module>
    <source>..\..\taproot\src\tap\control\hold_command_mapping.cpp</source>
    <destination>taproot\src\tap\control\hold_command_mapping.cpp</destination>
    <time>7.999 ms</time>
  </operation>
  <operation>
    <module>taproot:core</module>
    <source>..\..\taproot\src\tap\control\hold_command_mapping.hpp</source>
    <destination>taproot\src\tap\control\hold_command_mapping.hpp</destination>
    <time>7.999 ms</time>
  </operation>
  <operation>
    <module>taproot:core</module>
    <source>..\..\taproot\src\tap\control\hold_repeat_command_mapping.cpp</source>
    <destination>taproot\src\tap\control\hold_repeat_command_mapping.cpp</destination>
    <time>8.004 ms</time>
  </operation>
  <operation>
    <module>taproot:core</module>
    <source>..\..\taproot\src\tap\control\hold_repeat_command_mapping.hpp</source>
    <destination>taproot\src\tap\control\hold_repeat_command_mapping.hpp</destination>
    <time>0.000 ms</time>
  </operation>
  <operation>
    <module>taproot:core</module>
    <source>..\..\taproot\src\tap\control\press_command_mapping.cpp</source>
    <destination>taproot\src\tap\control\press_command_mapping.cpp</destination>
    <time>9.480 ms</time>
  </operation>
  <operation>
    <module>taproot:core</module>
    <source>..\..\taproot\src\tap\control\press_command_mapping.hpp</source>
    <destination>taproot\src\tap\control\press_command_mapping.hpp</destination>
    <time>16.553 ms</time>
  </operation>
  <operation>
    <module>taproot:core</module>
    <source>..\..\taproot\src\tap\control\remote_map_state.cpp</source>
    <destination>taproot\src\tap\control\remote_map_state.cpp</destination>
    <time>0.000 ms</time>
  </operation>
  <operation>
    <module>taproot:core</module>
    <source>..\..\taproot\src\tap\control\remote_map_state.hpp</source>
    <destination>taproot\src\tap\control\remote_map_state.hpp</destination>
    <time>0.000 ms</time>
  </operation>
  <operation>
    <module>taproot:core</module>
    <source>..\..\taproot\src\tap\control\scheduler_terminal_handler.cpp</source>
    <destination>taproot\src\tap\control\scheduler_terminal_handler.cpp</destination>
    <time>7.998 ms</time>
  </operation>
  <operation>
    <module>taproot:core</module>
    <source>..\..\taproot\src\tap\control\scheduler_terminal_handler.hpp</source>
    <destination>taproot\src\tap\control\scheduler_terminal_handler.hpp</destination>
    <time>8.013 ms</time>
  </operation>
  <operation>
    <module>taproot:core</module>
    <source>..\..\taproot\src\tap\control\setpoint\algorithms\setpoint_continuous_jam_checker.hpp</source>
    <destination>taproot\src\tap\control\setpoint\algorithms\setpoint_continuous_jam_checker.hpp</destination>
    <time>9.220 ms</time>
  </operation>
  <operation>
    <module>taproot:core</module>
    <source>..\..\taproot\src\tap\control\setpoint\commands\calibrate_command.cpp</source>
    <destination>taproot\src\tap\control\setpoint\commands\calibrate_command.cpp</destination>
    <time>0.000 ms</time>
  </operation>
  <operation>
    <module>taproot:core</module>
    <source>..\..\taproot\src\tap\control\setpoint\commands\calibrate_command.hpp</source>
    <destination>taproot\src\tap\control\setpoint\commands\calibrate_command.hpp</destination>
    <time>9.998 ms</time>
  </operation>
  <operation>
    <module>taproot:core</module>
    <source>..\..\taproot\src\tap\control\setpoint\commands\move_absolute_command.cpp</source>
    <destination>taproot\src\tap\control\setpoint\commands\move_absolute_command.cpp</destination>
    <time>6.686 ms</time>
  </operation>
  <operation>
    <module>taproot:core</module>
    <source>..\..\taproot\src\tap\control\setpoint\commands\move_absolute_command.hpp</source>
    <destination>taproot\src\tap\control\setpoint\commands\move_absolute_command.hpp</destination>
    <time>7.998 ms</time>
  </operation>
  <operation>
    <module>taproot:core</module>
    <source>..\..\taproot\src\tap\control\setpoint\commands\move_command.cpp</source>
    <destination>taproot\src\tap\control\setpoint\commands\move_command.cpp</destination>
    <time>8.002 ms</time>
  </operation>
  <operation>
    <module>taproot:core</module>
    <source>..\..\taproot\src\tap\control\setpoint\commands\move_command.hpp</source>
    <destination>taproot\src\tap\control\setpoint\commands\move_command.hpp</destination>
    <time>7.999 ms</time>
  </operation>
  <operation>
    <module>taproot:core</module>
    <source>..\..\taproot\src\tap\control\setpoint\commands\move_unjam_comprised_command.cpp</source>
    <destination>taproot\src\tap\control\setpoint\commands\move_unjam_comprised_command.cpp</destination>
    <time>0.000 ms</time>
  </operation>
  <operation>
    <module>taproot:core</module>
    <source>..\..\taproot\src\tap\control\setpoint\commands\move_unjam_comprised_command.hpp</source>
    <destination>taproot\src\tap\control\setpoint\commands\move_unjam_comprised_command.hpp</destination>
    <time>9.266 ms</time>
  </operation>
  <operation>
    <module>taproot:core</module>
    <source>..\..\taproot\src\tap\control\setpoint\commands\unjam_command.cpp</source>
    <destination>taproot\src\tap\control\setpoint\commands\unjam_command.cpp</destination>
    <time>10.000 ms</time>
  </operation>
  <operation>
    <module>taproot:core</module>
    <source>..\..\taproot\src\tap\control\setpoint\commands\unjam_command.hpp</source>
    <destination>taproot\src\tap\control\setpoint\commands\unjam_command.hpp</destination>
    <time>6.676 ms</time>
  </operation>
  <operation>
    <module>taproot:core</module>
    <source>..\..\taproot\src\tap\control\setpoint\interfaces\setpoint_subsystem.hpp</source>
    <destination>taproot\src\tap\control\setpoint\interfaces\setpoint_subsystem.hpp</destination>
    <time>7.997 ms</time>
  </operation>
  <operation>
    <module>taproot:core</module>
    <source>..\..\taproot\src\tap\control\subsystem.cpp</source>
    <destination>taproot\src\tap\control\subsystem.cpp</destination>
    <time>8.000 ms</time>
  </operation>
  <operation>
    <module>taproot:core</module>
    <source>..\..\taproot\src\tap\control\subsystem.hpp</source>
    <destination>taproot\src\tap\control\subsystem.hpp</destination>
    <time>0.000 ms</time>
  </operation>
  <operation>
    <module>taproot:core</module>
    <source>..\..\taproot\src\tap\control\toggle_command_mapping.cpp</source>
    <destination>taproot\src\tap\control\toggle_command_mapping.cpp</destination>
    <time>8.004 ms</time>
  </operation>
  <operation>
    <module>taproot:core</module>
    <source>..\..\taproot\src\tap\control\toggle_command_mapping.hpp</source>
    <destination>taproot\src\tap\control\toggle_command_mapping.hpp</destination>
    <time>9.322 ms</time>
  </operation>
  <operation>
    <module>taproot:core</module>
    <source>..\..\taproot\src\tap\control\turret_subsystem_interface.hpp</source>
    <destination>taproot\src\tap\control\turret_subsystem_interface.hpp</destination>
    <time>9.997 ms</time>
  </operation>
  <operation>
    <module>taproot:core</module>
    <source>..\..\taproot\src\tap\motor\dji_motor.cpp</source>
    <destination>taproot\src\tap\motor\dji_motor.cpp</destination>
    <time>6.756 ms</time>
  </operation>
  <operation>
    <module>taproot:core</module>
    <source>..\..\taproot\src\tap\motor\dji_motor.hpp</source>
    <destination>taproot\src\tap\motor\dji_motor.hpp</destination>
    <time>16.000 ms</time>
  </operation>
  <operation>
    <module>taproot:core</module>
    <source>..\..\taproot\src\tap\motor\dji_motor_terminal_serial_handler.cpp</source>
    <destination>taproot\src\tap\motor\dji_motor_terminal_serial_handler.cpp</destination>
    <time>8.002 ms</time>
  </operation>
  <operation>
    <module>taproot:core</module>
    <source>..\..\taproot\src\tap\motor\dji_motor_terminal_serial_handler.hpp</source>
    <destination>taproot\src\tap\motor\dji_motor_terminal_serial_handler.hpp</destination>
    <time>7.999 ms</time>
  </operation>
  <operation>
    <module>taproot:core</module>
    <source>..\..\taproot\src\tap\motor\dji_motor_tx_handler.cpp</source>
    <destination>taproot\src\tap\motor\dji_motor_tx_handler.cpp</destination>
    <time>1.240 ms</time>
  </operation>
  <operation>
    <module>taproot:core</module>
    <source>..\..\taproot\src\tap\motor\dji_motor_tx_handler.hpp</source>
    <destination>taproot\src\tap\motor\dji_motor_tx_handler.hpp</destination>
    <time>9.997 ms</time>
  </operation>
  <operation>
    <module>taproot:core</module>
    <source>..\..\taproot\src\tap\motor\double_dji_motor.cpp</source>
    <destination>taproot\src\tap\motor\double_dji_motor.cpp</destination>
    <time>6.689 ms</time>
  </operation>
  <operation>
    <module>taproot:core</module>
    <source>..\..\taproot\src\tap\motor\double_dji_motor.hpp</source>
    <destination>taproot\src\tap\motor\double_dji_motor.hpp</destination>
    <time>7.997 ms</time>
  </operation>
  <operation>
    <module>taproot:core</module>
    <source>..\..\taproot\src\tap\motor\m3508_constants.hpp</source>
    <destination>taproot\src\tap\motor\m3508_constants.hpp</destination>
    <time>8.004 ms</time>
  </operation>
  <operation>
    <module>taproot:core</module>
    <source>..\..\taproot\src\tap\motor\motor_constants.hpp</source>
    <destination>taproot\src\tap\motor\motor_constants.hpp</destination>
    <time>8.001 ms</time>
  </operation>
  <operation>
    <module>taproot:core</module>
    <source>..\..\taproot\src\tap\motor\motor_interface.hpp</source>
    <destination>taproot\src\tap\motor\motor_interface.hpp</destination>
    <time>8.003 ms</time>
  </operation>
  <operation>
    <module>taproot:core</module>
    <source>..\..\taproot\src\tap\motor\motorsim\can_serializer.cpp</source>
    <destination>taproot\src\tap\motor\motorsim\can_serializer.cpp</destination>
    <time>8.000 ms</time>
  </operation>
  <operation>
    <module>taproot:core</module>
    <source>..\..\taproot\src\tap\motor\motorsim\can_serializer.hpp</source>
    <destination>taproot\src\tap\motor\motorsim\can_serializer.hpp</destination>
    <time>9.232 ms</time>
  </operation>
  <operation>
    <module>taproot:core</module>
    <source>..\..\taproot\src\tap\motor\motorsim\motor_sim.cpp</source>
    <destination>taproot\src\tap\motor\motorsim\motor_sim.cpp</destination>
    <time>9.999 ms</time>
  </operation>
  <operation>
    <module>taproot:core</module>
    <source>..\..\taproot\src\tap\motor\motorsim\motor_sim.hpp</source>
    <destination>taproot\src\tap\motor\motorsim\motor_sim.hpp</destination>
    <time>6.683 ms</time>
  </operation>
  <operation>
    <module>taproot:core</module>
    <source>..\..\taproot\src\tap\motor\motorsim\sim_handler.cpp</source>
    <destination>taproot\src\tap\motor\motorsim\sim_handler.cpp</destination>
    <time>7.997 ms</time>
  </operation>
  <operation>
    <module>taproot:core</module>
    <source>..\..\taproot\src\tap\motor\motorsim\sim_handler.hpp</source>
    <destination>taproot\src\tap\motor\motorsim\sim_handler.hpp</destination>
    <time>8.000 ms</time>
  </operation>
  <operation>
    <module>taproot:core</module>
    <source>..\..\taproot\src\tap\motor\servo.cpp</source>
    <destination>taproot\src\tap\motor\servo.cpp</destination>
    <time>8.003 ms</time>
  </operation>
  <operation>
    <module>taproot:core</module>
    <source>..\..\taproot\src\tap\motor\servo.hpp</source>
    <destination>taproot\src\tap\motor\servo.hpp</destination>
    <time>8.488 ms</time>
  </operation>
  <operation>
    <module>taproot:core</module>
    <source>..\..\taproot\src\tap\util_macros.hpp</source>
    <destination>taproot\src\tap\util_macros.hpp</destination>
    <time>0.000 ms</time>
  </operation>
  <operation>
    <module>taproot:errors</module>
    <source>..\..\taproot\src\tap\errors\create_errors.hpp</source>
    <destination>taproot\src\tap\errors\create_errors.hpp</destination>
    <time>8.005 ms</time>
  </operation>
  <operation>
    <module>taproot:errors</module>
    <source>..\..\taproot\src\tap\errors\error_controller.cpp</source>
    <destination>taproot\src\tap\errors\error_controller.cpp</destination>
    <time>0.000 ms</time>
  </operation>
  <operation>
    <module>taproot:errors</module>
    <source>..\..\taproot\src\tap\errors\error_controller.hpp</source>
    <destination>taproot\src\tap\errors\error_controller.hpp</destination>
    <time>0.000 ms</time>
  </operation>
  <operation>
    <module>taproot:errors</module>
    <source>..\..\taproot\src\tap\errors\system_error.hpp</source>
    <destination>taproot\src\tap\errors\system_error.hpp</destination>
    <time>10.788 ms</time>
  </operation>
  <operation>
    <module>taproot:modm-project.xml</module>
    <source>..\..\taproot\modm_project_files\project.xml.in</source>
    <destination>taproot\project.xml</destination>
    <time>8.002 ms</time>
  </operation>
  <operation>
    <module>taproot:modm-project.xml</module>
    <source>..\..\taproot\modm_project_files\sim-modm\project.xml.in</source>
    <destination>taproot\sim-modm\hosted-darwin\project.xml</destination>
    <time>8.000 ms</time>
  </operation>
  <operation>
    <module>taproot:modm-project.xml</module>
    <source>..\..\taproot\modm_project_files\sim-modm\project.xml.in</source>
    <destination>taproot\sim-modm\hosted-linux\project.xml</destination>
    <time>0.000 ms</time>
  </operation>
  <operation>
    <module>taproot:modm-project.xml</module>
    <source>..\..\taproot\modm_project_files\sim-modm\project.xml.in</source>
    <destination>taproot\sim-modm\hosted-windows\project.xml</destination>
    <time>0.000 ms</time>
  </operation>
  <operation>
    <module>taproot:testing:mock</module>
    <source>..\..\taproot\test\tap\mock\analog_mock.cpp</source>
    <destination>taproot\test\tap\mock\analog_mock.cpp</destination>
    <time>8.005 ms</time>
  </operation>
  <operation>
    <module>taproot:testing:mock</module>
    <source>..\..\taproot\test\tap\mock\analog_mock.hpp</source>
    <destination>taproot\test\tap\mock\analog_mock.hpp</destination>
    <time>12.148 ms</time>
  </operation>
  <operation>
    <module>taproot:testing:mock</module>
    <source>..\..\taproot\test\tap\mock\can_mock.cpp</source>
    <destination>taproot\test\tap\mock\can_mock.cpp</destination>
    <time>0.000 ms</time>
  </operation>
  <operation>
    <module>taproot:testing:mock</module>
    <source>..\..\taproot\test\tap\mock\can_mock.hpp</source>
    <destination>taproot\test\tap\mock\can_mock.hpp</destination>
    <time>10.006 ms</time>
  </operation>
  <operation>
    <module>taproot:testing:mock</module>
    <source>..\..\taproot\test\tap\mock\can_rx_handler_mock.cpp</source>
    <destination>taproot\test\tap\mock\can_rx_handler_mock.cpp</destination>
    <time>6.675 ms</time>
  </operation>
  <operation>
    <module>taproot:testing:mock</module>
    <source>..\..\taproot\test\tap\mock\can_rx_handler_mock.hpp</source>
    <destination>taproot\test\tap\mock\can_rx_handler_mock.hpp</destination>
    <time>8.009 ms</time>
  </operation>
  <operation>
    <module>taproot:testing:mock</module>
    <source>..\..\taproot\test\tap\mock\can_rx_listener_mock.cpp</source>
    <destination>taproot\test\tap\mock\can_rx_listener_mock.cpp</destination>
    <time>7.990 ms</time>
  </operation>
  <operation>
    <module>taproot:testing:mock</module>
    <source>..\..\taproot\test\tap\mock\can_rx_listener_mock.hpp</source>
    <destination>taproot\test\tap\mock\can_rx_listener_mock.hpp</destination>
    <time>8.002 ms</time>
  </operation>
  <operation>
    <module>taproot:testing:mock</module>
    <source>..\..\taproot\test\tap\mock\command_mapper_mock.cpp</source>
    <destination>taproot\test\tap\mock\command_mapper_mock.cpp</destination>
    <time>9.382 ms</time>
  </operation>
  <operation>
    <module>taproot:testing:mock</module>
    <source>..\..\taproot\test\tap\mock\command_mapper_mock.hpp</source>
    <destination>taproot\test\tap\mock\command_mapper_mock.hpp</destination>
    <time>9.996 ms</time>
  </operation>
  <operation>
    <module>taproot:testing:mock</module>
    <source>..\..\taproot\test\tap\mock\command_mock.cpp</source>
    <destination>taproot\test\tap\mock\command_mock.cpp</destination>
    <time>7.513 ms</time>
  </operation>
  <operation>
    <module>taproot:testing:mock</module>
    <source>..\..\taproot\test\tap\mock\command_mock.hpp</source>
    <destination>taproot\test\tap\mock\command_mock.hpp</destination>
    <time>8.013 ms</time>
  </operation>
  <operation>
    <module>taproot:testing:mock</module>
    <source>..\..\taproot\test\tap\mock\command_scheduler_mock.cpp</source>
    <destination>taproot\test\tap\mock\command_scheduler_mock.cpp</destination>
    <time>8.000 ms</time>
  </operation>
  <operation>
    <module>taproot:testing:mock</module>
    <source>..\..\taproot\test\tap\mock\command_scheduler_mock.hpp</source>
    <destination>taproot\test\tap\mock\command_scheduler_mock.hpp</destination>
    <time>8.005 ms</time>
  </operation>
  <operation>
    <module>taproot:testing:mock</module>
    <source>..\..\taproot\test\tap\mock\digital_mock.cpp</source>
    <destination>taproot\test\tap\mock\digital_mock.cpp</destination>
    <time>7.996 ms</time>
  </operation>
  <operation>
    <module>taproot:testing:mock</module>
    <source>..\..\taproot\test\tap\mock\digital_mock.hpp</source>
    <destination>taproot\test\tap\mock\digital_mock.hpp</destination>
    <time>8.001 ms</time>
  </operation>
  <operation>
    <module>taproot:testing:mock</module>
    <source>..\..\taproot\test\tap\mock\dji_motor_mock.cpp</source>
    <destination>taproot\test\tap\mock\dji_motor_mock.cpp</destination>
    <time>8.012 ms</time>
  </operation>
  <operation>
    <module>taproot:testing:mock</module>
    <source>..\..\taproot\test\tap\mock\dji_motor_mock.hpp</source>
    <destination>taproot\test\tap\mock\dji_motor_mock.hpp</destination>
    <time>7.990 ms</time>
  </operation>
  <operation>
    <module>taproot:testing:mock</module>
    <source>..\..\taproot\test\tap\mock\dji_motor_terminal_serial_handler_mock.cpp</source>
    <destination>taproot\test\tap\mock\dji_motor_terminal_serial_handler_mock.cpp</destination>
    <time>0.000 ms</time>
  </operation>
  <operation>
    <module>taproot:testing:mock</module>
    <source>..\..\taproot\test\tap\mock\dji_motor_terminal_serial_handler_mock.hpp</source>
    <destination>taproot\test\tap\mock\dji_motor_terminal_serial_handler_mock.hpp</destination>
    <time>8.002 ms</time>
  </operation>
  <operation>
    <module>taproot:testing:mock</module>
    <source>..\..\taproot\test\tap\mock\dji_motor_tx_handler_mock.cpp</source>
    <destination>taproot\test\tap\mock\dji_motor_tx_handler_mock.cpp</destination>
    <time>8.136 ms</time>
  </operation>
  <operation>
    <module>taproot:testing:mock</module>
    <source>..\..\taproot\test\tap\mock\dji_motor_tx_handler_mock.hpp</source>
    <destination>taproot\test\tap\mock\dji_motor_tx_handler_mock.hpp</destination>
    <time>10.005 ms</time>
  </operation>
  <operation>
    <module>taproot:testing:mock</module>
    <source>..\..\taproot\test\tap\mock\error_controller_mock.cpp</source>
    <destination>taproot\test\tap\mock\error_controller_mock.cpp</destination>
    <time>9.998 ms</time>
  </operation>
  <operation>
    <module>taproot:testing:mock</module>
    <source>..\..\taproot\test\tap\mock\error_controller_mock.hpp</source>
    <destination>taproot\test\tap\mock\error_controller_mock.hpp</destination>
    <time>9.999 ms</time>
  </operation>
  <operation>
    <module>taproot:testing:mock</module>
    <source>..\..\taproot\test\tap\mock\leds_mock.cpp</source>
    <destination>taproot\test\tap\mock\leds_mock.cpp</destination>
    <time>0.000 ms</time>
  </operation>
  <operation>
    <module>taproot:testing:mock</module>
    <source>..\..\taproot\test\tap\mock\leds_mock.hpp</source>
    <destination>taproot\test\tap\mock\leds_mock.hpp</destination>
    <time>10.017 ms</time>
  </operation>
  <operation>
    <module>taproot:testing:mock</module>
    <source>..\..\taproot\test\tap\mock\motor_interface_mock.cpp</source>
    <destination>taproot\test\tap\mock\motor_interface_mock.cpp</destination>
    <time>9.996 ms</time>
  </operation>
  <operation>
    <module>taproot:testing:mock</module>
    <source>..\..\taproot\test\tap\mock\motor_interface_mock.hpp</source>
    <destination>taproot\test\tap\mock\motor_interface_mock.hpp</destination>
    <time>9.990 ms</time>
  </operation>
  <operation>
    <module>taproot:testing:mock</module>
    <source>..\..\taproot\test\tap\mock\pwm_mock.cpp</source>
    <destination>taproot\test\tap\mock\pwm_mock.cpp</destination>
    <time>0.000 ms</time>
  </operation>
  <operation>
    <module>taproot:testing:mock</module>
    <source>..\..\taproot\test\tap\mock\pwm_mock.hpp</source>
    <destination>taproot\test\tap\mock\pwm_mock.hpp</destination>
    <time>9.998 ms</time>
  </operation>
  <operation>
    <module>taproot:testing:mock</module>
    <source>..\..\taproot\test\tap\mock\ref_serial_mock.cpp</source>
    <destination>taproot\test\tap\mock\ref_serial_mock.cpp</destination>
    <time>9.999 ms</time>
  </operation>
  <operation>
    <module>taproot:testing:mock</module>
    <source>..\..\taproot\test\tap\mock\ref_serial_mock.hpp</source>
    <destination>taproot\test\tap\mock\ref_serial_mock.hpp</destination>
    <time>10.000 ms</time>
  </operation>
  <operation>
    <module>taproot:testing:mock</module>
    <source>..\..\taproot\test\tap\mock\remote_mock.cpp</source>
    <destination>taproot\test\tap\mock\remote_mock.cpp</destination>
    <time>0.000 ms</time>
  </operation>
  <operation>
    <module>taproot:testing:mock</module>
    <source>..\..\taproot\test\tap\mock\remote_mock.hpp</source>
    <destination>taproot\test\tap\mock\remote_mock.hpp</destination>
    <time>10.001 ms</time>
  </operation>
  <operation>
    <module>taproot:testing:mock</module>
    <source>..\..\taproot\test\tap\mock\robot_to_robot_message_handler_mock.cpp</source>
    <destination>taproot\test\tap\mock\robot_to_robot_message_handler_mock.cpp</destination>
    <time>10.000 ms</time>
  </operation>
  <operation>
    <module>taproot:testing:mock</module>
    <source>..\..\taproot\test\tap\mock\robot_to_robot_message_handler_mock.hpp</source>
    <destination>taproot\test\tap\mock\robot_to_robot_message_handler_mock.hpp</destination>
    <time>10.015 ms</time>
  </operation>
  <operation>
    <module>taproot:testing:mock</module>
    <source>..\..\taproot\test\tap\mock\scheduler_terminal_handler_mock.cpp</source>
    <destination>taproot\test\tap\mock\scheduler_terminal_handler_mock.cpp</destination>
    <time>10.005 ms</time>
  </operation>
  <operation>
    <module>taproot:testing:mock</module>
    <source>..\..\taproot\test\tap\mock\scheduler_terminal_handler_mock.hpp</source>
    <destination>taproot\test\tap\mock\scheduler_terminal_handler_mock.hpp</destination>
    <time>5.199 ms</time>
  </operation>
  <operation>
    <module>taproot:testing:mock</module>
    <source>..\..\taproot\test\tap\mock\subsystem_mock.cpp</source>
    <destination>taproot\test\tap\mock\subsystem_mock.cpp</destination>
    <time>8.021 ms</time>
  </operation>
  <operation>
    <module>taproot:testing:mock</module>
    <source>..\..\taproot\test\tap\mock\subsystem_mock.hpp</source>
    <destination>taproot\test\tap\mock\subsystem_mock.hpp</destination>
    <time>7.981 ms</time>
  </operation>
  <operation>
    <module>taproot:testing:mock</module>
    <source>..\..\taproot\test\tap\mock\terminal_serial_callback_interface_mock.cpp</source>
    <destination>taproot\test\tap\mock\terminal_serial_callback_interface_mock.cpp</destination>
    <time>11.103 ms</time>
  </operation>
  <operation>
    <module>taproot:testing:mock</module>
    <source>..\..\taproot\test\tap\mock\terminal_serial_callback_interface_mock.hpp</source>
    <destination>taproot\test\tap\mock\terminal_serial_callback_interface_mock.hpp</destination>
    <time>9.997 ms</time>
  </operation>
  <operation>
    <module>taproot:testing:mock</module>
    <source>..\..\taproot\test\tap\mock\terminal_serial_mock.cpp</source>
    <destination>taproot\test\tap\mock\terminal_serial_mock.cpp</destination>
    <time>9.999 ms</time>
  </operation>
  <operation>
    <module>taproot:testing:mock</module>
    <source>..\..\taproot\test\tap\mock\terminal_serial_mock.hpp</source>
    <destination>taproot\test\tap\mock\terminal_serial_mock.hpp</destination>
    <time>0.000 ms</time>
  </operation>
  <operation>
    <module>taproot:testing:mock</module>
    <source>..\..\taproot\test\tap\mock\uart_mock.cpp</source>
    <destination>taproot\test\tap\mock\uart_mock.cpp</destination>
    <time>10.006 ms</time>
  </operation>
  <operation>
    <module>taproot:testing:mock</module>
    <source>..\..\taproot\test\tap\mock\uart_mock.hpp</source>
    <destination>taproot\test\tap\mock\uart_mock.hpp</destination>
    <time>9.996 ms</time>
  </operation>
  <operation>
    <module>taproot:testing:mock</module>
    <source>..\..\taproot\test\tap\stub\terminal_device_stub.cpp</source>
    <destination>taproot\test\tap\stub\terminal_device_stub.cpp</destination>
    <time>7.509 ms</time>
  </operation>
  <operation>
    <module>taproot:testing:mock</module>
    <source>..\..\taproot\test\tap\stub\terminal_device_stub.hpp</source>
    <destination>taproot\test\tap\stub\terminal_device_stub.hpp</destination>
    <time>0.000 ms</time>
  </operation>
  <operation>
    <module>taproot:testing:mock</module>
    <source>..\..\taproot\test\tap\stub\terminal_device_stub_tests.cpp</source>
    <destination>taproot\test\tap\stub\terminal_device_stub_tests.cpp</destination>
    <time>10.011 ms</time>
  </operation>
</buildlog>
